01-11-2022 10:59:09 | INFO | Snowflake Connector for Python Version: 2.8.0, Python Version: 3.10.0, Platform: Windows-10-10.0.19044-SP0
01-11-2022 10:59:09 | INFO | This connection is in OCSP Fail Open Mode. TLS Certificates would be checked for validity and revocation status. Any other Certificate Revocation related exceptions or OCSP Responder failures would be disregarded in favor of connectivity.
01-11-2022 10:59:09 | INFO | Setting use_openssl_only mode to False
01-11-2022 10:59:10 | INFO | query: [SELECT "Email Address" FROM "Tableau_Employees_Joiners"]
01-11-2022 10:59:11 | INFO | query execution done
01-11-2022 10:59:11 | INFO | Number of results in first chunk: 26
01-11-2022 10:59:11 | INFO | get_users_from_snowflake() completed with 26 user records
01-11-2022 10:59:11 | INFO | Snowflake Connector for Python Version: 2.8.0, Python Version: 3.10.0, Platform: Windows-10-10.0.19044-SP0
01-11-2022 10:59:11 | INFO | This connection is in OCSP Fail Open Mode. TLS Certificates would be checked for validity and revocation status. Any other Certificate Revocation related exceptions or OCSP Responder failures would be disregarded in favor of connectivity.
01-11-2022 10:59:12 | INFO | query: [SELECT "Email Address" FROM "Tableau_Employee_Leavers"]
01-11-2022 10:59:12 | INFO | query execution done
01-11-2022 10:59:12 | INFO | Number of results in first chunk: 26
01-11-2022 10:59:12 | INFO | get_users_from_snowflake() completed with 26 user records
01-11-2022 10:59:12 | INFO | Signed into https://prod-uk-a.online.tableau.com as user with id 03b391ee-5cac-405d-a29d-ec7ab70e2de0
01-11-2022 10:59:12 | INFO | Add user a@tableaujunkie.com
01-11-2022 10:59:12 | ERROR | Error adding user: 

	400003: Bad Request
		Payload is either malformed or incomplete
01-11-2022 10:59:12 | INFO | Add user b@tableaujunkie.com
01-11-2022 10:59:12 | ERROR | Error adding user: 

	400003: Bad Request
		Payload is either malformed or incomplete
01-11-2022 10:59:12 | INFO | Add user c@tableaujunkie.com
01-11-2022 10:59:13 | ERROR | Error adding user: 

	400003: Bad Request
		Payload is either malformed or incomplete
01-11-2022 10:59:13 | INFO | Add user dtableaujunkie.com
01-11-2022 10:59:13 | ERROR | Error adding user: 

	400003: Bad Request
		Payload is either malformed or incomplete
01-11-2022 10:59:13 | INFO | Add user e@tableaujunkie.com
01-11-2022 10:59:13 | ERROR | Error adding user: 

	400003: Bad Request
		Payload is either malformed or incomplete
01-11-2022 10:59:13 | INFO | Add user f@tableaujunkie.com
01-11-2022 10:59:13 | ERROR | Error adding user: 

	400003: Bad Request
		Payload is either malformed or incomplete
01-11-2022 10:59:13 | INFO | Add user g@tableaujunkie.com
01-11-2022 10:59:13 | ERROR | Error adding user: 

	400003: Bad Request
		Payload is either malformed or incomplete
01-11-2022 10:59:13 | INFO | Add user h@tableaujunkie.com
01-11-2022 10:59:14 | ERROR | Error adding user: 

	400003: Bad Request
		Payload is either malformed or incomplete
01-11-2022 10:59:14 | INFO | Add user i@tableaujunkie.com
01-11-2022 10:59:14 | ERROR | Error adding user: 

	400003: Bad Request
		Payload is either malformed or incomplete
01-11-2022 10:59:14 | INFO | Add user j@tableaujunkie.com
01-11-2022 10:59:14 | ERROR | Error adding user: 

	400003: Bad Request
		Payload is either malformed or incomplete
01-11-2022 10:59:14 | INFO | Add user k@tableaujunkie.com
01-11-2022 10:59:14 | ERROR | Error adding user: 

	400003: Bad Request
		Payload is either malformed or incomplete
01-11-2022 10:59:14 | INFO | Add user l@tableaujunkie.com
01-11-2022 10:59:14 | ERROR | Error adding user: 

	400003: Bad Request
		Payload is either malformed or incomplete
01-11-2022 10:59:14 | INFO | Add user m@tableaujunkie.com
01-11-2022 10:59:15 | ERROR | Error adding user: 

	400003: Bad Request
		Payload is either malformed or incomplete
01-11-2022 10:59:15 | INFO | Add user n@tableaujunkie.com
01-11-2022 10:59:15 | ERROR | Error adding user: 

	400003: Bad Request
		Payload is either malformed or incomplete
01-11-2022 10:59:15 | INFO | Add user o@tableaujunkie.com
01-11-2022 10:59:15 | ERROR | Error adding user: 

	400003: Bad Request
		Payload is either malformed or incomplete
01-11-2022 10:59:15 | INFO | Add user p@tableaujunkie.com
01-11-2022 10:59:15 | ERROR | Error adding user: 

	400003: Bad Request
		Payload is either malformed or incomplete
01-11-2022 10:59:15 | INFO | Add user q@tableaujunkie.com
01-11-2022 10:59:16 | ERROR | Error adding user: 

	400003: Bad Request
		Payload is either malformed or incomplete
01-11-2022 10:59:16 | INFO | Add user r@tableaujunkie.com
01-11-2022 10:59:16 | ERROR | Error adding user: 

	400003: Bad Request
		Payload is either malformed or incomplete
01-11-2022 10:59:16 | INFO | Add user s@tableaujunkie.com
01-11-2022 10:59:16 | ERROR | Error adding user: 

	400003: Bad Request
		Payload is either malformed or incomplete
01-11-2022 10:59:16 | INFO | Add user t@tableaujunkie.com
01-11-2022 10:59:16 | ERROR | Error adding user: 

	400003: Bad Request
		Payload is either malformed or incomplete
01-11-2022 10:59:16 | INFO | Add user u@tableaujunkie.com
01-11-2022 10:59:17 | INFO | <Response [201]>
01-11-2022 10:59:17 | INFO | Added new user (ID: eda5bec0-7465-453b-bb83-d6ab4d0aa920)
01-11-2022 10:59:17 | INFO | added new user u@tableaujunkie.com with role Unlicensed
01-11-2022 10:59:17 | INFO | Add user v@tableaujunkie.com
01-11-2022 10:59:17 | INFO | <Response [201]>
01-11-2022 10:59:17 | INFO | Added new user (ID: 6d4efd62-f72b-4263-9e38-10ddb59ca2b1)
01-11-2022 10:59:17 | INFO | added new user v@tableaujunkie.com with role Unlicensed
01-11-2022 10:59:17 | INFO | Add user w@tableaujunkie.com
01-11-2022 10:59:17 | INFO | <Response [201]>
01-11-2022 10:59:17 | INFO | Added new user (ID: 7a8095c4-7217-4f6c-b589-5b7f636073cf)
01-11-2022 10:59:17 | INFO | added new user w@tableaujunkie.com with role Unlicensed
01-11-2022 10:59:17 | INFO | Add user x@tableaujunkie.com
01-11-2022 10:59:18 | INFO | <Response [201]>
01-11-2022 10:59:18 | INFO | Added new user (ID: 403558b7-c055-4651-8f7c-8162baa10cd9)
01-11-2022 10:59:18 | INFO | added new user x@tableaujunkie.com with role Unlicensed
01-11-2022 10:59:18 | INFO | Add user y@tableaujunkie.com
01-11-2022 10:59:18 | INFO | <Response [201]>
01-11-2022 10:59:18 | INFO | Added new user (ID: 4fde1889-4463-4afa-b787-25cf5e95992f)
01-11-2022 10:59:18 | INFO | added new user y@tableaujunkie.com with role Unlicensed
01-11-2022 10:59:18 | INFO | Add user z@tableaujunkie.com
01-11-2022 10:59:18 | INFO | <Response [201]>
01-11-2022 10:59:18 | INFO | Added new user (ID: d71e1658-a8fc-431e-9e2f-49e8251abae1)
01-11-2022 10:59:18 | INFO | added new user z@tableaujunkie.com with role Unlicensed
01-11-2022 10:59:18 | INFO | Signed out
01-11-2022 10:59:19 | INFO | Signed into https://prod-uk-a.online.tableau.com as user with id 03b391ee-5cac-405d-a29d-ec7ab70e2de0
01-11-2022 10:59:19 | INFO | Querying all groups on site
01-11-2022 10:59:19 | INFO | Querying all users on site
01-11-2022 10:59:19 | ERROR | Error with operation ADD user: a@tableaujunkie.com group: Grant_Role_On_Sign_In

	409011: Resource Conflict
		The user '57a7e7bb-45b2-45ed-b035-e3fe95368dc3' is already a member of the group 'f814c8c8-978c-4781-98e2-bf2c32baab74'
01-11-2022 10:59:19 | INFO | Querying all users on site
01-11-2022 10:59:19 | ERROR | Error with operation ADD user: b@tableaujunkie.com group: Grant_Role_On_Sign_In

	409011: Resource Conflict
		The user '16c6cd37-dbbd-4d0e-8e4d-4a81952af2fb' is already a member of the group 'f814c8c8-978c-4781-98e2-bf2c32baab74'
01-11-2022 10:59:19 | INFO | Querying all users on site
01-11-2022 10:59:19 | ERROR | Error with operation ADD user: c@tableaujunkie.com group: Grant_Role_On_Sign_In

	409011: Resource Conflict
		The user 'e89d0a58-76f1-43ac-949f-5d0f02a58f9c' is already a member of the group 'f814c8c8-978c-4781-98e2-bf2c32baab74'
01-11-2022 10:59:19 | INFO | Querying all users on site
01-11-2022 10:59:19 | ERROR | Error with operation ADD user: dtableaujunkie.com group: Grant_Role_On_Sign_Inlist index out of range
01-11-2022 10:59:19 | INFO | Querying all users on site
01-11-2022 10:59:20 | ERROR | Error with operation ADD user: e@tableaujunkie.com group: Grant_Role_On_Sign_In

	409011: Resource Conflict
		The user '60c2e1ac-387a-4054-b461-8f9fc8d97a80' is already a member of the group 'f814c8c8-978c-4781-98e2-bf2c32baab74'
01-11-2022 10:59:20 | INFO | Querying all users on site
01-11-2022 10:59:20 | ERROR | Error with operation ADD user: f@tableaujunkie.com group: Grant_Role_On_Sign_In

	409011: Resource Conflict
		The user '24b8240c-9797-4da8-a788-2338ceb42153' is already a member of the group 'f814c8c8-978c-4781-98e2-bf2c32baab74'
01-11-2022 10:59:20 | INFO | Querying all users on site
01-11-2022 10:59:20 | ERROR | Error with operation ADD user: g@tableaujunkie.com group: Grant_Role_On_Sign_In

	409011: Resource Conflict
		The user '003ea1df-a8e7-4d47-a553-7b6912e02659' is already a member of the group 'f814c8c8-978c-4781-98e2-bf2c32baab74'
01-11-2022 10:59:20 | INFO | Querying all users on site
01-11-2022 10:59:20 | ERROR | Error with operation ADD user: h@tableaujunkie.com group: Grant_Role_On_Sign_In

	409011: Resource Conflict
		The user 'd8f3e34f-594b-4c95-ada9-e21e5d272b94' is already a member of the group 'f814c8c8-978c-4781-98e2-bf2c32baab74'
01-11-2022 10:59:20 | INFO | Querying all users on site
01-11-2022 10:59:20 | ERROR | Error with operation ADD user: i@tableaujunkie.com group: Grant_Role_On_Sign_In

	409011: Resource Conflict
		The user 'c423fd76-b1a6-4519-91a9-ec35def9a4d3' is already a member of the group 'f814c8c8-978c-4781-98e2-bf2c32baab74'
01-11-2022 10:59:20 | INFO | Querying all users on site
01-11-2022 10:59:21 | ERROR | Error with operation ADD user: j@tableaujunkie.com group: Grant_Role_On_Sign_In

	409011: Resource Conflict
		The user 'abd814d9-c66d-4a8a-8b77-f3878a4deace' is already a member of the group 'f814c8c8-978c-4781-98e2-bf2c32baab74'
01-11-2022 10:59:21 | INFO | Querying all users on site
01-11-2022 10:59:21 | ERROR | Error with operation ADD user: k@tableaujunkie.com group: Grant_Role_On_Sign_In

	409011: Resource Conflict
		The user '3c8da96d-e377-4f09-984d-4521eb7e5642' is already a member of the group 'f814c8c8-978c-4781-98e2-bf2c32baab74'
01-11-2022 10:59:21 | INFO | Querying all users on site
01-11-2022 10:59:21 | ERROR | Error with operation ADD user: l@tableaujunkie.com group: Grant_Role_On_Sign_In

	409011: Resource Conflict
		The user 'de1aa9bf-6d12-4133-8bd5-c06c07cc7593' is already a member of the group 'f814c8c8-978c-4781-98e2-bf2c32baab74'
01-11-2022 10:59:21 | INFO | Querying all users on site
01-11-2022 10:59:21 | ERROR | Error with operation ADD user: m@tableaujunkie.com group: Grant_Role_On_Sign_In

	409011: Resource Conflict
		The user '730aed6f-cad2-4044-827b-ebd83eb57ff9' is already a member of the group 'f814c8c8-978c-4781-98e2-bf2c32baab74'
01-11-2022 10:59:21 | INFO | Querying all users on site
01-11-2022 10:59:22 | ERROR | Error with operation ADD user: n@tableaujunkie.com group: Grant_Role_On_Sign_In

	409011: Resource Conflict
		The user '1e472d28-147b-4141-ba4c-8a6eeacf3696' is already a member of the group 'f814c8c8-978c-4781-98e2-bf2c32baab74'
01-11-2022 10:59:22 | INFO | Querying all users on site
01-11-2022 10:59:22 | ERROR | Error with operation ADD user: o@tableaujunkie.com group: Grant_Role_On_Sign_In

	409011: Resource Conflict
		The user 'fa00b386-65a0-4889-8056-7fbfb64ea7f6' is already a member of the group 'f814c8c8-978c-4781-98e2-bf2c32baab74'
01-11-2022 10:59:22 | INFO | Querying all users on site
01-11-2022 10:59:22 | ERROR | Error with operation ADD user: p@tableaujunkie.com group: Grant_Role_On_Sign_In

	409011: Resource Conflict
		The user '1453913f-bfa0-4b93-b006-0b467eb2a34b' is already a member of the group 'f814c8c8-978c-4781-98e2-bf2c32baab74'
01-11-2022 10:59:22 | INFO | Querying all users on site
01-11-2022 10:59:22 | ERROR | Error with operation ADD user: q@tableaujunkie.com group: Grant_Role_On_Sign_In

	409011: Resource Conflict
		The user '193ccb68-b91c-4653-8b42-446a6c66d268' is already a member of the group 'f814c8c8-978c-4781-98e2-bf2c32baab74'
01-11-2022 10:59:22 | INFO | Querying all users on site
01-11-2022 10:59:22 | ERROR | Error with operation ADD user: r@tableaujunkie.com group: Grant_Role_On_Sign_In

	409011: Resource Conflict
		The user 'd5cb7eda-42a1-4d33-8cad-8ad6b55861d5' is already a member of the group 'f814c8c8-978c-4781-98e2-bf2c32baab74'
01-11-2022 10:59:22 | INFO | Querying all users on site
01-11-2022 10:59:23 | ERROR | Error with operation ADD user: s@tableaujunkie.com group: Grant_Role_On_Sign_In

	409011: Resource Conflict
		The user 'cdab683e-0fae-470f-a9f1-67925b849710' is already a member of the group 'f814c8c8-978c-4781-98e2-bf2c32baab74'
01-11-2022 10:59:23 | INFO | Querying all users on site
01-11-2022 10:59:23 | ERROR | Error with operation ADD user: t@tableaujunkie.com group: Grant_Role_On_Sign_In

	409011: Resource Conflict
		The user 'cbde5d5d-fa26-44d3-9966-3f8e8b5705b6' is already a member of the group 'f814c8c8-978c-4781-98e2-bf2c32baab74'
01-11-2022 10:59:23 | INFO | Querying all users on site
01-11-2022 10:59:23 | ERROR | Error with operation ADD user: u@tableaujunkie.com group: Grant_Role_On_Sign_In

	409011: Resource Conflict
		The user 'eda5bec0-7465-453b-bb83-d6ab4d0aa920' is already a member of the group 'f814c8c8-978c-4781-98e2-bf2c32baab74'
01-11-2022 10:59:23 | INFO | Querying all users on site
01-11-2022 10:59:24 | ERROR | Error with operation ADD user: v@tableaujunkie.com group: Grant_Role_On_Sign_In

	409011: Resource Conflict
		The user '6d4efd62-f72b-4263-9e38-10ddb59ca2b1' is already a member of the group 'f814c8c8-978c-4781-98e2-bf2c32baab74'
01-11-2022 10:59:24 | INFO | Querying all users on site
01-11-2022 10:59:24 | ERROR | Error with operation ADD user: w@tableaujunkie.com group: Grant_Role_On_Sign_In

	409011: Resource Conflict
		The user '7a8095c4-7217-4f6c-b589-5b7f636073cf' is already a member of the group 'f814c8c8-978c-4781-98e2-bf2c32baab74'
01-11-2022 10:59:24 | INFO | Querying all users on site
01-11-2022 10:59:24 | ERROR | Error with operation ADD user: x@tableaujunkie.com group: Grant_Role_On_Sign_In

	409011: Resource Conflict
		The user '403558b7-c055-4651-8f7c-8162baa10cd9' is already a member of the group 'f814c8c8-978c-4781-98e2-bf2c32baab74'
01-11-2022 10:59:24 | INFO | Querying all users on site
01-11-2022 10:59:24 | ERROR | Error with operation ADD user: y@tableaujunkie.com group: Grant_Role_On_Sign_In

	409011: Resource Conflict
		The user '4fde1889-4463-4afa-b787-25cf5e95992f' is already a member of the group 'f814c8c8-978c-4781-98e2-bf2c32baab74'
01-11-2022 10:59:24 | INFO | Querying all users on site
01-11-2022 10:59:25 | ERROR | Error with operation ADD user: z@tableaujunkie.com group: Grant_Role_On_Sign_In

	409011: Resource Conflict
		The user 'd71e1658-a8fc-431e-9e2f-49e8251abae1' is already a member of the group 'f814c8c8-978c-4781-98e2-bf2c32baab74'
01-11-2022 10:59:25 | INFO | Signed out
01-11-2022 10:59:25 | INFO | Signed into https://prod-uk-a.online.tableau.com as user with id 03b391ee-5cac-405d-a29d-ec7ab70e2de0
01-11-2022 10:59:25 | INFO | Querying all users on site
01-11-2022 10:59:25 | INFO | Updated user item (ID: 57a7e7bb-45b2-45ed-b035-e3fe95368dc3)
01-11-2022 10:59:25 | INFO | updated user a@tableaujunkie.com with role Viewer
01-11-2022 10:59:25 | INFO | Querying all users on site
01-11-2022 10:59:26 | INFO | Updated user item (ID: 16c6cd37-dbbd-4d0e-8e4d-4a81952af2fb)
01-11-2022 10:59:26 | INFO | updated user b@tableaujunkie.com with role Viewer
01-11-2022 10:59:26 | INFO | Querying all users on site
01-11-2022 10:59:26 | INFO | Updated user item (ID: e89d0a58-76f1-43ac-949f-5d0f02a58f9c)
01-11-2022 10:59:26 | INFO | updated user c@tableaujunkie.com with role Viewer
01-11-2022 10:59:26 | INFO | Querying all users on site
01-11-2022 10:59:26 | ERROR | Error updating site role for user dtableaujunkie.com with role Viewerlist index out of range
01-11-2022 10:59:26 | INFO | Querying all users on site
01-11-2022 10:59:26 | INFO | Updated user item (ID: 60c2e1ac-387a-4054-b461-8f9fc8d97a80)
01-11-2022 10:59:26 | INFO | updated user e@tableaujunkie.com with role Viewer
01-11-2022 10:59:26 | INFO | Querying all users on site
01-11-2022 10:59:27 | INFO | Updated user item (ID: 24b8240c-9797-4da8-a788-2338ceb42153)
01-11-2022 10:59:27 | INFO | updated user f@tableaujunkie.com with role Viewer
01-11-2022 10:59:27 | INFO | Querying all users on site
01-11-2022 10:59:27 | INFO | Updated user item (ID: 003ea1df-a8e7-4d47-a553-7b6912e02659)
01-11-2022 10:59:27 | INFO | updated user g@tableaujunkie.com with role Viewer
01-11-2022 10:59:27 | INFO | Querying all users on site
01-11-2022 10:59:27 | INFO | Updated user item (ID: d8f3e34f-594b-4c95-ada9-e21e5d272b94)
01-11-2022 10:59:27 | INFO | updated user h@tableaujunkie.com with role Viewer
01-11-2022 10:59:27 | INFO | Querying all users on site
01-11-2022 10:59:28 | INFO | Updated user item (ID: c423fd76-b1a6-4519-91a9-ec35def9a4d3)
01-11-2022 10:59:28 | INFO | updated user i@tableaujunkie.com with role Viewer
01-11-2022 10:59:28 | INFO | Querying all users on site
01-11-2022 10:59:28 | INFO | Updated user item (ID: abd814d9-c66d-4a8a-8b77-f3878a4deace)
01-11-2022 10:59:28 | INFO | updated user j@tableaujunkie.com with role Viewer
01-11-2022 10:59:28 | INFO | Querying all users on site
01-11-2022 10:59:28 | INFO | Updated user item (ID: 3c8da96d-e377-4f09-984d-4521eb7e5642)
01-11-2022 10:59:28 | INFO | updated user k@tableaujunkie.com with role Viewer
01-11-2022 10:59:28 | INFO | Querying all users on site
01-11-2022 10:59:29 | INFO | Updated user item (ID: de1aa9bf-6d12-4133-8bd5-c06c07cc7593)
01-11-2022 10:59:29 | INFO | updated user l@tableaujunkie.com with role Viewer
01-11-2022 10:59:29 | INFO | Querying all users on site
01-11-2022 10:59:29 | INFO | Updated user item (ID: 730aed6f-cad2-4044-827b-ebd83eb57ff9)
01-11-2022 10:59:29 | INFO | updated user m@tableaujunkie.com with role Viewer
01-11-2022 10:59:29 | INFO | Querying all users on site
01-11-2022 10:59:30 | INFO | Updated user item (ID: 1e472d28-147b-4141-ba4c-8a6eeacf3696)
01-11-2022 10:59:30 | INFO | updated user n@tableaujunkie.com with role Viewer
01-11-2022 10:59:30 | INFO | Querying all users on site
01-11-2022 10:59:30 | INFO | Updated user item (ID: fa00b386-65a0-4889-8056-7fbfb64ea7f6)
01-11-2022 10:59:30 | INFO | updated user o@tableaujunkie.com with role Viewer
01-11-2022 10:59:30 | INFO | Querying all users on site
01-11-2022 10:59:30 | INFO | Updated user item (ID: 1453913f-bfa0-4b93-b006-0b467eb2a34b)
01-11-2022 10:59:30 | INFO | updated user p@tableaujunkie.com with role Viewer
01-11-2022 10:59:30 | INFO | Querying all users on site
01-11-2022 10:59:31 | INFO | Updated user item (ID: 193ccb68-b91c-4653-8b42-446a6c66d268)
01-11-2022 10:59:31 | INFO | updated user q@tableaujunkie.com with role Viewer
01-11-2022 10:59:31 | INFO | Querying all users on site
01-11-2022 10:59:31 | INFO | Updated user item (ID: d5cb7eda-42a1-4d33-8cad-8ad6b55861d5)
01-11-2022 10:59:31 | INFO | updated user r@tableaujunkie.com with role Viewer
01-11-2022 10:59:31 | INFO | Querying all users on site
01-11-2022 10:59:31 | INFO | Updated user item (ID: cdab683e-0fae-470f-a9f1-67925b849710)
01-11-2022 10:59:31 | INFO | updated user s@tableaujunkie.com with role Viewer
01-11-2022 10:59:31 | INFO | Querying all users on site
01-11-2022 10:59:32 | INFO | Updated user item (ID: cbde5d5d-fa26-44d3-9966-3f8e8b5705b6)
01-11-2022 10:59:32 | INFO | updated user t@tableaujunkie.com with role Viewer
01-11-2022 10:59:32 | INFO | Querying all users on site
01-11-2022 10:59:32 | ERROR | Error updating site role for user u@tableaujunkie.com with role Viewer

	409014: Resource Conflict
		Due to a lack of available server licenses the site role of the user 'eda5bec0-7465-453b-bb83-d6ab4d0aa920' cannot be changed to 'Viewer'
01-11-2022 10:59:32 | INFO | Querying all users on site
01-11-2022 10:59:32 | ERROR | Error updating site role for user v@tableaujunkie.com with role Viewer

	409014: Resource Conflict
		Due to a lack of available server licenses the site role of the user '6d4efd62-f72b-4263-9e38-10ddb59ca2b1' cannot be changed to 'Viewer'
01-11-2022 10:59:32 | INFO | Querying all users on site
01-11-2022 10:59:33 | ERROR | Error updating site role for user w@tableaujunkie.com with role Viewer

	409014: Resource Conflict
		Due to a lack of available server licenses the site role of the user '7a8095c4-7217-4f6c-b589-5b7f636073cf' cannot be changed to 'Viewer'
01-11-2022 10:59:33 | INFO | Querying all users on site
01-11-2022 10:59:33 | ERROR | Error updating site role for user x@tableaujunkie.com with role Viewer

	409014: Resource Conflict
		Due to a lack of available server licenses the site role of the user '403558b7-c055-4651-8f7c-8162baa10cd9' cannot be changed to 'Viewer'
01-11-2022 10:59:33 | INFO | Querying all users on site
01-11-2022 10:59:33 | ERROR | Error updating site role for user y@tableaujunkie.com with role Viewer

	409014: Resource Conflict
		Due to a lack of available server licenses the site role of the user '4fde1889-4463-4afa-b787-25cf5e95992f' cannot be changed to 'Viewer'
01-11-2022 10:59:33 | INFO | Querying all users on site
01-11-2022 10:59:33 | ERROR | Error updating site role for user z@tableaujunkie.com with role Viewer

	409014: Resource Conflict
		Due to a lack of available server licenses the site role of the user 'd71e1658-a8fc-431e-9e2f-49e8251abae1' cannot be changed to 'Viewer'
01-11-2022 10:59:33 | INFO | Signed out
01-11-2022 10:59:34 | INFO | closed
01-11-2022 10:59:34 | INFO | No async queries seem to be running, deleting session
01-11-2022 10:59:34 | INFO | closed
01-11-2022 10:59:34 | INFO | No async queries seem to be running, deleting session
