03-11-2022 10:28:41 | INFO | Snowflake Connector for Python Version: 2.8.0, Python Version: 3.10.0, Platform: Windows-10-10.0.19044-SP0
03-11-2022 10:28:41 | INFO | This connection is in OCSP Fail Open Mode. TLS Certificates would be checked for validity and revocation status. Any other Certificate Revocation related exceptions or OCSP Responder failures would be disregarded in favor of connectivity.
03-11-2022 10:28:41 | INFO | Setting use_openssl_only mode to False
03-11-2022 10:28:42 | INFO | query: [SELECT "Email Address" FROM "Tableau_Employees_Joiners"]
03-11-2022 10:28:43 | INFO | query execution done
03-11-2022 10:28:43 | INFO | Number of results in first chunk: 11
03-11-2022 10:28:43 | INFO | get_users_from_snowflake() completed with 11 user records
03-11-2022 10:28:43 | INFO | Snowflake Connector for Python Version: 2.8.0, Python Version: 3.10.0, Platform: Windows-10-10.0.19044-SP0
03-11-2022 10:28:43 | INFO | This connection is in OCSP Fail Open Mode. TLS Certificates would be checked for validity and revocation status. Any other Certificate Revocation related exceptions or OCSP Responder failures would be disregarded in favor of connectivity.
03-11-2022 10:28:44 | INFO | query: [SELECT "Email Address" FROM "Tableau_Employee_Leavers"]
03-11-2022 10:28:44 | INFO | query execution done
03-11-2022 10:28:44 | INFO | Number of results in first chunk: 11
03-11-2022 10:28:44 | INFO | get_users_from_snowflake() completed with 11 user records
03-11-2022 10:28:44 | INFO | Signed into https://prod-uk-a.online.tableau.com as user with id 03b391ee-5cac-405d-a29d-ec7ab70e2de0
03-11-2022 10:28:44 | INFO | Add user a@tableaujunkie.com
03-11-2022 10:28:45 | INFO | <Response [201]>
03-11-2022 10:28:45 | INFO | Added new user (ID: 72bf7051-b309-477d-a3f9-3975ca232b83)
03-11-2022 10:28:45 | INFO | added new user a@tableaujunkie.com with role Unlicensed
03-11-2022 10:28:45 | INFO | Add user b@tableaujunkie.com
03-11-2022 10:28:45 | INFO | Signed out
03-11-2022 10:28:45 | INFO | closed
03-11-2022 10:28:45 | INFO | No async queries seem to be running, deleting session
03-11-2022 10:28:46 | INFO | closed
03-11-2022 10:28:46 | INFO | No async queries seem to be running, deleting session
