03-11-2022 08:44:04 | INFO | Snowflake Connector for Python Version: 2.8.0, Python Version: 3.10.0, Platform: Windows-10-10.0.19044-SP0
03-11-2022 08:44:04 | INFO | This connection is in OCSP Fail Open Mode. TLS Certificates would be checked for validity and revocation status. Any other Certificate Revocation related exceptions or OCSP Responder failures would be disregarded in favor of connectivity.
03-11-2022 08:44:04 | INFO | Setting use_openssl_only mode to False
03-11-2022 08:44:05 | INFO | query: [SELECT "Email Address" FROM "Tableau_Employees_Joiners"]
03-11-2022 08:44:06 | INFO | query execution done
03-11-2022 08:44:06 | INFO | Number of results in first chunk: 11
03-11-2022 08:44:06 | INFO | get_users_from_snowflake() completed with 11 user records
03-11-2022 08:44:06 | INFO | Snowflake Connector for Python Version: 2.8.0, Python Version: 3.10.0, Platform: Windows-10-10.0.19044-SP0
03-11-2022 08:44:06 | INFO | This connection is in OCSP Fail Open Mode. TLS Certificates would be checked for validity and revocation status. Any other Certificate Revocation related exceptions or OCSP Responder failures would be disregarded in favor of connectivity.
03-11-2022 08:44:07 | INFO | query: [SELECT "Email Address" FROM "Tableau_Employee_Leavers"]
03-11-2022 08:44:07 | INFO | query execution done
03-11-2022 08:44:07 | INFO | Number of results in first chunk: 11
03-11-2022 08:44:07 | INFO | get_users_from_snowflake() completed with 11 user records
03-11-2022 08:44:08 | INFO | Signed into https://prod-uk-a.online.tableau.com as user with id 03b391ee-5cac-405d-a29d-ec7ab70e2de0
03-11-2022 08:44:08 | INFO | Querying all users on site
03-11-2022 08:44:08 | ERROR | Error removing user: list index out of range
03-11-2022 08:44:08 | INFO | Querying all users on site
03-11-2022 08:44:08 | ERROR | Error removing user: list index out of range
03-11-2022 08:44:08 | INFO | Querying all users on site
03-11-2022 08:44:08 | ERROR | Error removing user: list index out of range
03-11-2022 08:44:08 | INFO | Querying all users on site
03-11-2022 08:44:08 | ERROR | Error removing user: list index out of range
03-11-2022 08:44:08 | INFO | Querying all users on site
03-11-2022 08:44:08 | ERROR | Error removing user: list index out of range
03-11-2022 08:44:08 | INFO | Querying all users on site
03-11-2022 08:44:08 | ERROR | Error removing user: list index out of range
03-11-2022 08:44:08 | INFO | Querying all users on site
03-11-2022 08:44:08 | ERROR | Error removing user: list index out of range
03-11-2022 08:44:08 | INFO | Querying all users on site
03-11-2022 08:44:08 | ERROR | Error removing user: list index out of range
03-11-2022 08:44:08 | INFO | Querying all users on site
03-11-2022 08:44:08 | ERROR | Error removing user: list index out of range
03-11-2022 08:44:08 | INFO | Querying all users on site
03-11-2022 08:44:08 | ERROR | Error removing user: list index out of range
03-11-2022 08:44:08 | INFO | Querying all users on site
03-11-2022 08:44:08 | ERROR | Error removing user: list index out of range
03-11-2022 08:44:08 | INFO | Signed out
03-11-2022 08:44:09 | INFO | closed
03-11-2022 08:44:09 | INFO | No async queries seem to be running, deleting session
03-11-2022 08:44:09 | INFO | closed
03-11-2022 08:44:09 | INFO | No async queries seem to be running, deleting session
