31-10-2022 17:23:09 | INFO | Snowflake Connector for Python Version: 2.8.0, Python Version: 3.10.0, Platform: Windows-10-10.0.19044-SP0
31-10-2022 17:23:09 | INFO | This connection is in OCSP Fail Open Mode. TLS Certificates would be checked for validity and revocation status. Any other Certificate Revocation related exceptions or OCSP Responder failures would be disregarded in favor of connectivity.
31-10-2022 17:23:09 | INFO | Setting use_openssl_only mode to False
31-10-2022 17:23:11 | INFO | query: [SELECT "Email Address" FROM "Tableau_Employees_Joiners"]
31-10-2022 17:23:11 | INFO | query execution done
31-10-2022 17:23:11 | INFO | Number of results in first chunk: 26
31-10-2022 17:23:11 | INFO | get_users_from_snowflake() completed with 26 user records
31-10-2022 17:23:11 | INFO | Snowflake Connector for Python Version: 2.8.0, Python Version: 3.10.0, Platform: Windows-10-10.0.19044-SP0
31-10-2022 17:23:11 | INFO | This connection is in OCSP Fail Open Mode. TLS Certificates would be checked for validity and revocation status. Any other Certificate Revocation related exceptions or OCSP Responder failures would be disregarded in favor of connectivity.
31-10-2022 17:23:12 | INFO | query: [SELECT "Email Address" FROM "Tableau_Employee_Leavers"]
31-10-2022 17:23:13 | INFO | query execution done
31-10-2022 17:23:13 | INFO | Number of results in first chunk: 26
31-10-2022 17:23:13 | INFO | get_users_from_snowflake() completed with 26 user records
31-10-2022 17:23:13 | INFO | Signed into https://prod-uk-a.online.tableau.com as user with id 03b391ee-5cac-405d-a29d-ec7ab70e2de0
31-10-2022 17:23:13 | INFO | Querying all groups on site
31-10-2022 17:23:13 | INFO | Querying all users on site
31-10-2022 17:23:13 | INFO | Removed user (id: 10804978-4d9f-444c-b599-0cecd26d400c) from group (ID: f814c8c8-978c-4781-98e2-bf2c32baab74)
31-10-2022 17:23:13 | INFO | removed user a@tableaujunkie.com from Group Grant_Role_On_Sign_In
31-10-2022 17:23:13 | INFO | Querying all users on site
31-10-2022 17:23:14 | INFO | Removed user (id: d28c784e-d6a4-4cbc-944d-5e88fd6be283) from group (ID: f814c8c8-978c-4781-98e2-bf2c32baab74)
31-10-2022 17:23:14 | INFO | removed user b@tableaujunkie.com from Group Grant_Role_On_Sign_In
31-10-2022 17:23:14 | INFO | Querying all users on site
31-10-2022 17:23:14 | INFO | Removed user (id: 724f7c2f-7cee-402d-808a-eac3fe838bc1) from group (ID: f814c8c8-978c-4781-98e2-bf2c32baab74)
31-10-2022 17:23:14 | INFO | removed user c@tableaujunkie.com from Group Grant_Role_On_Sign_In
31-10-2022 17:23:14 | INFO | Querying all users on site
31-10-2022 17:23:14 | ERROR | Error with operation REMOVE user: c@tableaujunkie.com group: Grant_Role_On_Sign_Inlist index out of range
31-10-2022 17:23:14 | INFO | Querying all users on site
31-10-2022 17:23:14 | INFO | Removed user (id: 790cf3de-6f78-45a0-af56-d6a1d9bc2abc) from group (ID: f814c8c8-978c-4781-98e2-bf2c32baab74)
31-10-2022 17:23:14 | INFO | removed user e@tableaujunkie.com from Group Grant_Role_On_Sign_In
31-10-2022 17:23:14 | INFO | Querying all users on site
31-10-2022 17:23:15 | INFO | Removed user (id: d2303fe9-af7c-4635-815b-a1b82288bafa) from group (ID: f814c8c8-978c-4781-98e2-bf2c32baab74)
31-10-2022 17:23:15 | INFO | removed user f@tableaujunkie.com from Group Grant_Role_On_Sign_In
31-10-2022 17:23:15 | INFO | Querying all users on site
31-10-2022 17:23:15 | INFO | Removed user (id: ecc9dfa9-2b46-47e0-abc3-f1d3776aba1c) from group (ID: f814c8c8-978c-4781-98e2-bf2c32baab74)
31-10-2022 17:23:15 | INFO | removed user g@tableaujunkie.com from Group Grant_Role_On_Sign_In
31-10-2022 17:23:15 | INFO | Querying all users on site
31-10-2022 17:23:15 | INFO | Removed user (id: 7b54a08f-1125-40fc-ab20-3752daf4631a) from group (ID: f814c8c8-978c-4781-98e2-bf2c32baab74)
31-10-2022 17:23:15 | INFO | removed user h@tableaujunkie.com from Group Grant_Role_On_Sign_In
31-10-2022 17:23:15 | INFO | Querying all users on site
31-10-2022 17:23:15 | INFO | Removed user (id: 356c7ac6-d582-42ac-9bec-a72aa11773ae) from group (ID: f814c8c8-978c-4781-98e2-bf2c32baab74)
31-10-2022 17:23:15 | INFO | removed user i@tableaujunkie.com from Group Grant_Role_On_Sign_In
31-10-2022 17:23:15 | INFO | Querying all users on site
31-10-2022 17:23:16 | INFO | Removed user (id: ae5a5f7a-9632-41d2-af8b-f5a0fac4cb34) from group (ID: f814c8c8-978c-4781-98e2-bf2c32baab74)
31-10-2022 17:23:16 | INFO | removed user j@tableaujunkie.com from Group Grant_Role_On_Sign_In
31-10-2022 17:23:16 | INFO | Querying all users on site
31-10-2022 17:23:16 | INFO | Removed user (id: d1a33f04-347a-470d-96e2-cdc2bf22c87d) from group (ID: f814c8c8-978c-4781-98e2-bf2c32baab74)
31-10-2022 17:23:16 | INFO | removed user k@tableaujunkie.com from Group Grant_Role_On_Sign_In
31-10-2022 17:23:16 | INFO | Querying all users on site
31-10-2022 17:23:16 | INFO | Removed user (id: b6a77b3e-fced-4dd8-9934-475eba983b65) from group (ID: f814c8c8-978c-4781-98e2-bf2c32baab74)
31-10-2022 17:23:16 | INFO | removed user l@tableaujunkie.com from Group Grant_Role_On_Sign_In
31-10-2022 17:23:16 | INFO | Querying all users on site
31-10-2022 17:23:17 | INFO | Removed user (id: 3b97b2bc-1a94-434f-a240-a01235ebab50) from group (ID: f814c8c8-978c-4781-98e2-bf2c32baab74)
31-10-2022 17:23:17 | INFO | removed user m@tableaujunkie.com from Group Grant_Role_On_Sign_In
31-10-2022 17:23:17 | INFO | Querying all users on site
31-10-2022 17:23:17 | INFO | Removed user (id: c299e0c1-3d02-4fe3-a1ec-14883dbc3284) from group (ID: f814c8c8-978c-4781-98e2-bf2c32baab74)
31-10-2022 17:23:17 | INFO | removed user n@tableaujunkie.com from Group Grant_Role_On_Sign_In
31-10-2022 17:23:17 | INFO | Querying all users on site
31-10-2022 17:23:17 | INFO | closed
31-10-2022 17:23:17 | INFO | No async queries seem to be running, deleting session
31-10-2022 17:23:17 | INFO | Removed user (id: 5ffc5b40-9eb0-4f40-9b50-95529dd28fea) from group (ID: f814c8c8-978c-4781-98e2-bf2c32baab74)
31-10-2022 17:23:17 | INFO | removed user o@tableaujunkie.com from Group Grant_Role_On_Sign_In
31-10-2022 17:23:17 | INFO | Querying all users on site
31-10-2022 17:23:18 | INFO | Removed user (id: 4c75af1a-a915-4ca9-b9ea-f5270ff551d0) from group (ID: f814c8c8-978c-4781-98e2-bf2c32baab74)
31-10-2022 17:23:18 | INFO | removed user p@tableaujunkie.com from Group Grant_Role_On_Sign_In
31-10-2022 17:23:18 | INFO | Querying all users on site
31-10-2022 17:23:18 | INFO | Removed user (id: 4d207b18-c223-4420-b117-c00f4c8c1d49) from group (ID: f814c8c8-978c-4781-98e2-bf2c32baab74)
31-10-2022 17:23:18 | INFO | removed user q@tableaujunkie.com from Group Grant_Role_On_Sign_In
31-10-2022 17:23:18 | INFO | Querying all users on site
31-10-2022 17:23:18 | INFO | Removed user (id: c8f2e0b7-cbd8-4d4c-a519-d37e7909fb48) from group (ID: f814c8c8-978c-4781-98e2-bf2c32baab74)
31-10-2022 17:23:18 | INFO | removed user r@tableaujunkie.com from Group Grant_Role_On_Sign_In
31-10-2022 17:23:18 | INFO | Querying all users on site
31-10-2022 17:23:18 | INFO | Removed user (id: 23d8364e-f284-490f-9d47-7ec668dc8a40) from group (ID: f814c8c8-978c-4781-98e2-bf2c32baab74)
31-10-2022 17:23:18 | INFO | removed user s@tableaujunkie.com from Group Grant_Role_On_Sign_In
31-10-2022 17:23:18 | INFO | Querying all users on site
31-10-2022 17:23:19 | INFO | Removed user (id: 82882fde-5337-4412-aca4-5ec4fffc71b2) from group (ID: f814c8c8-978c-4781-98e2-bf2c32baab74)
31-10-2022 17:23:19 | INFO | removed user t@tableaujunkie.com from Group Grant_Role_On_Sign_In
31-10-2022 17:23:19 | INFO | Querying all users on site
31-10-2022 17:23:19 | INFO | Removed user (id: e1a22f67-41a0-4180-86fc-0b21717688fd) from group (ID: f814c8c8-978c-4781-98e2-bf2c32baab74)
31-10-2022 17:23:19 | INFO | removed user u@tableaujunkie.com from Group Grant_Role_On_Sign_In
31-10-2022 17:23:19 | INFO | Querying all users on site
31-10-2022 17:23:19 | INFO | Removed user (id: 535f44c5-a714-4322-b1de-e01f79ab81b1) from group (ID: f814c8c8-978c-4781-98e2-bf2c32baab74)
31-10-2022 17:23:19 | INFO | removed user v@tableaujunkie.com from Group Grant_Role_On_Sign_In
31-10-2022 17:23:19 | INFO | Querying all users on site
31-10-2022 17:23:20 | INFO | Removed user (id: bd9bf616-5bfd-4da9-ae6e-5a421719ec2a) from group (ID: f814c8c8-978c-4781-98e2-bf2c32baab74)
31-10-2022 17:23:20 | INFO | removed user w@tableaujunkie.com from Group Grant_Role_On_Sign_In
31-10-2022 17:23:20 | INFO | Querying all users on site
31-10-2022 17:23:20 | INFO | Removed user (id: 860ad83e-5e48-48a5-b58d-b720cb905e46) from group (ID: f814c8c8-978c-4781-98e2-bf2c32baab74)
31-10-2022 17:23:20 | INFO | removed user x@tableaujunkie.com from Group Grant_Role_On_Sign_In
31-10-2022 17:23:20 | INFO | Querying all users on site
31-10-2022 17:23:20 | INFO | Removed user (id: 83eed7bb-d71c-4ead-a157-88917f5a6f12) from group (ID: f814c8c8-978c-4781-98e2-bf2c32baab74)
31-10-2022 17:23:20 | INFO | removed user y@tableaujunkie.com from Group Grant_Role_On_Sign_In
31-10-2022 17:23:20 | INFO | Querying all users on site
31-10-2022 17:23:20 | INFO | Removed user (id: f6619be1-febb-4d9c-a0dd-b90353b9ae29) from group (ID: f814c8c8-978c-4781-98e2-bf2c32baab74)
31-10-2022 17:23:20 | INFO | removed user z@tableaujunkie.com from Group Grant_Role_On_Sign_In
31-10-2022 17:23:20 | INFO | Signed out
31-10-2022 17:23:21 | INFO | Signed into https://prod-uk-a.online.tableau.com as user with id 03b391ee-5cac-405d-a29d-ec7ab70e2de0
31-10-2022 17:23:21 | INFO | Querying all users on site
31-10-2022 17:23:22 | INFO | Updated user item (ID: 10804978-4d9f-444c-b599-0cecd26d400c)
31-10-2022 17:23:22 | INFO | updated user a@tableaujunkie.com with role Unlicensed
31-10-2022 17:23:22 | INFO | Querying all users on site
31-10-2022 17:23:22 | INFO | Updated user item (ID: d28c784e-d6a4-4cbc-944d-5e88fd6be283)
31-10-2022 17:23:22 | INFO | updated user b@tableaujunkie.com with role Unlicensed
31-10-2022 17:23:22 | INFO | Querying all users on site
31-10-2022 17:23:23 | INFO | Updated user item (ID: 724f7c2f-7cee-402d-808a-eac3fe838bc1)
31-10-2022 17:23:23 | INFO | updated user c@tableaujunkie.com with role Unlicensed
31-10-2022 17:23:23 | INFO | Querying all users on site
31-10-2022 17:23:23 | ERROR | Error unlicensing user: list index out of range
31-10-2022 17:23:23 | INFO | Querying all users on site
31-10-2022 17:23:24 | INFO | Updated user item (ID: 790cf3de-6f78-45a0-af56-d6a1d9bc2abc)
31-10-2022 17:23:24 | INFO | updated user e@tableaujunkie.com with role Unlicensed
31-10-2022 17:23:24 | INFO | Querying all users on site
31-10-2022 17:23:24 | INFO | Updated user item (ID: d2303fe9-af7c-4635-815b-a1b82288bafa)
31-10-2022 17:23:24 | INFO | updated user f@tableaujunkie.com with role Unlicensed
31-10-2022 17:23:24 | INFO | Querying all users on site
31-10-2022 17:23:25 | INFO | Updated user item (ID: ecc9dfa9-2b46-47e0-abc3-f1d3776aba1c)
31-10-2022 17:23:25 | INFO | updated user g@tableaujunkie.com with role Unlicensed
31-10-2022 17:23:25 | INFO | Querying all users on site
31-10-2022 17:23:25 | INFO | Updated user item (ID: 7b54a08f-1125-40fc-ab20-3752daf4631a)
31-10-2022 17:23:25 | INFO | updated user h@tableaujunkie.com with role Unlicensed
31-10-2022 17:23:25 | INFO | Querying all users on site
31-10-2022 17:23:25 | INFO | Updated user item (ID: 356c7ac6-d582-42ac-9bec-a72aa11773ae)
31-10-2022 17:23:25 | INFO | updated user i@tableaujunkie.com with role Unlicensed
31-10-2022 17:23:25 | INFO | Querying all users on site
31-10-2022 17:23:26 | INFO | Updated user item (ID: ae5a5f7a-9632-41d2-af8b-f5a0fac4cb34)
31-10-2022 17:23:26 | INFO | updated user j@tableaujunkie.com with role Unlicensed
31-10-2022 17:23:26 | INFO | Querying all users on site
31-10-2022 17:23:26 | INFO | Updated user item (ID: d1a33f04-347a-470d-96e2-cdc2bf22c87d)
31-10-2022 17:23:26 | INFO | updated user k@tableaujunkie.com with role Unlicensed
31-10-2022 17:23:26 | INFO | Querying all users on site
31-10-2022 17:23:27 | INFO | Updated user item (ID: b6a77b3e-fced-4dd8-9934-475eba983b65)
31-10-2022 17:23:27 | INFO | updated user l@tableaujunkie.com with role Unlicensed
31-10-2022 17:23:27 | INFO | Querying all users on site
31-10-2022 17:23:28 | INFO | Updated user item (ID: 3b97b2bc-1a94-434f-a240-a01235ebab50)
31-10-2022 17:23:28 | INFO | updated user m@tableaujunkie.com with role Unlicensed
31-10-2022 17:23:28 | INFO | Querying all users on site
31-10-2022 17:23:28 | INFO | Updated user item (ID: c299e0c1-3d02-4fe3-a1ec-14883dbc3284)
31-10-2022 17:23:28 | INFO | updated user n@tableaujunkie.com with role Unlicensed
31-10-2022 17:23:28 | INFO | Querying all users on site
31-10-2022 17:23:29 | INFO | Updated user item (ID: 5ffc5b40-9eb0-4f40-9b50-95529dd28fea)
31-10-2022 17:23:29 | INFO | updated user o@tableaujunkie.com with role Unlicensed
31-10-2022 17:23:29 | INFO | Querying all users on site
31-10-2022 17:23:29 | INFO | Updated user item (ID: 4c75af1a-a915-4ca9-b9ea-f5270ff551d0)
31-10-2022 17:23:29 | INFO | updated user p@tableaujunkie.com with role Unlicensed
31-10-2022 17:23:29 | INFO | Querying all users on site
31-10-2022 17:23:30 | INFO | Updated user item (ID: 4d207b18-c223-4420-b117-c00f4c8c1d49)
31-10-2022 17:23:30 | INFO | updated user q@tableaujunkie.com with role Unlicensed
31-10-2022 17:23:30 | INFO | Querying all users on site
31-10-2022 17:23:30 | INFO | Updated user item (ID: c8f2e0b7-cbd8-4d4c-a519-d37e7909fb48)
31-10-2022 17:23:30 | INFO | updated user r@tableaujunkie.com with role Unlicensed
31-10-2022 17:23:30 | INFO | Querying all users on site
31-10-2022 17:23:30 | INFO | Updated user item (ID: 23d8364e-f284-490f-9d47-7ec668dc8a40)
31-10-2022 17:23:30 | INFO | updated user s@tableaujunkie.com with role Unlicensed
31-10-2022 17:23:30 | INFO | Querying all users on site
31-10-2022 17:23:31 | INFO | Updated user item (ID: 82882fde-5337-4412-aca4-5ec4fffc71b2)
31-10-2022 17:23:31 | INFO | updated user t@tableaujunkie.com with role Unlicensed
31-10-2022 17:23:31 | INFO | Querying all users on site
31-10-2022 17:23:31 | INFO | Updated user item (ID: e1a22f67-41a0-4180-86fc-0b21717688fd)
31-10-2022 17:23:31 | INFO | updated user u@tableaujunkie.com with role Unlicensed
31-10-2022 17:23:31 | INFO | Querying all users on site
31-10-2022 17:23:32 | INFO | Updated user item (ID: 535f44c5-a714-4322-b1de-e01f79ab81b1)
31-10-2022 17:23:32 | INFO | updated user v@tableaujunkie.com with role Unlicensed
31-10-2022 17:23:32 | INFO | Querying all users on site
31-10-2022 17:23:32 | INFO | Updated user item (ID: bd9bf616-5bfd-4da9-ae6e-5a421719ec2a)
31-10-2022 17:23:32 | INFO | updated user w@tableaujunkie.com with role Unlicensed
31-10-2022 17:23:32 | INFO | Querying all users on site
31-10-2022 17:23:33 | INFO | Updated user item (ID: 860ad83e-5e48-48a5-b58d-b720cb905e46)
31-10-2022 17:23:33 | INFO | updated user x@tableaujunkie.com with role Unlicensed
31-10-2022 17:23:33 | INFO | Querying all users on site
31-10-2022 17:23:33 | INFO | Updated user item (ID: 83eed7bb-d71c-4ead-a157-88917f5a6f12)
31-10-2022 17:23:33 | INFO | updated user y@tableaujunkie.com with role Unlicensed
31-10-2022 17:23:33 | INFO | Querying all users on site
31-10-2022 17:23:34 | INFO | Updated user item (ID: f6619be1-febb-4d9c-a0dd-b90353b9ae29)
31-10-2022 17:23:34 | INFO | updated user z@tableaujunkie.com with role Unlicensed
31-10-2022 17:23:34 | INFO | Signed out
31-10-2022 17:23:34 | INFO | closed
31-10-2022 17:23:34 | INFO | No async queries seem to be running, deleting session
