31-10-2022 11:11:57 | INFO | get_users_to_provision() completed with 3 user records
31-10-2022 11:11:58 | INFO | Signed into https://prod-uk-a.online.tableau.com as user with id 03b391ee-5cac-405d-a29d-ec7ab70e2de0
31-10-2022 11:11:58 | INFO | Add user aross@tableaujunkie.com
31-10-2022 11:11:58 | ERROR | Error adding user: 

	409017: Resource Conflict
		User 'aross@tableaujunkie.com' was already added to site 'a38ca9df-84bf-43b2-964f-7daff1d38b56'
31-10-2022 11:11:58 | INFO | Add user paul@tableaujunkie.com
31-10-2022 11:11:58 | ERROR | Error adding user: 

	409017: Resource Conflict
		User 'paul@tableaujunkie.com' was already added to site 'a38ca9df-84bf-43b2-964f-7daff1d38b56'
31-10-2022 11:11:58 | INFO | Add user libby@tableaujunkie.com
31-10-2022 11:11:58 | ERROR | Error adding user: 

	409017: Resource Conflict
		User 'libby@tableaujunkie.com' was already added to site 'a38ca9df-84bf-43b2-964f-7daff1d38b56'
31-10-2022 11:11:58 | INFO | Signed out
31-10-2022 11:11:58 | INFO | Signed into https://prod-uk-a.online.tableau.com as user with id 03b391ee-5cac-405d-a29d-ec7ab70e2de0
31-10-2022 11:11:58 | INFO | Querying all groups on site
31-10-2022 11:11:58 | INFO | Querying all users on site
31-10-2022 11:11:59 | INFO | Added user (id: 0ba48d31-e9e5-40dd-b345-18d3d056cd54) to group (ID: f814c8c8-978c-4781-98e2-bf2c32baab74)
31-10-2022 11:11:59 | INFO | added user aross@tableaujunkie.com to Group Grant_Role_On_Sign_In
31-10-2022 11:11:59 | INFO | Querying all users on site
31-10-2022 11:11:59 | INFO | Added user (id: 75ad90b7-5c0d-4291-ae99-2640288d4d15) to group (ID: f814c8c8-978c-4781-98e2-bf2c32baab74)
31-10-2022 11:11:59 | INFO | added user paul@tableaujunkie.com to Group Grant_Role_On_Sign_In
31-10-2022 11:11:59 | INFO | Querying all users on site
31-10-2022 11:11:59 | INFO | Added user (id: a4f0968e-5db5-48f3-8921-06088edd688b) to group (ID: f814c8c8-978c-4781-98e2-bf2c32baab74)
31-10-2022 11:11:59 | INFO | added user libby@tableaujunkie.com to Group Grant_Role_On_Sign_In
31-10-2022 11:11:59 | INFO | Signed out
31-10-2022 11:12:00 | INFO | Signed into https://prod-uk-a.online.tableau.com as user with id 03b391ee-5cac-405d-a29d-ec7ab70e2de0
31-10-2022 11:12:00 | INFO | Querying all users on site
31-10-2022 11:12:00 | INFO | Updated user item (ID: 0ba48d31-e9e5-40dd-b345-18d3d056cd54)
31-10-2022 11:12:00 | INFO | updated user aross@tableaujunkie.com with role Viewer
31-10-2022 11:12:00 | INFO | Querying all users on site
31-10-2022 11:12:01 | INFO | Updated user item (ID: 75ad90b7-5c0d-4291-ae99-2640288d4d15)
31-10-2022 11:12:01 | INFO | updated user paul@tableaujunkie.com with role Viewer
31-10-2022 11:12:01 | INFO | Querying all users on site
31-10-2022 11:12:01 | INFO | Updated user item (ID: a4f0968e-5db5-48f3-8921-06088edd688b)
31-10-2022 11:12:01 | INFO | updated user libby@tableaujunkie.com with role Viewer
31-10-2022 11:12:01 | INFO | Signed out
31-10-2022 11:12:01 | INFO | get_users_to_unlicense() completed with 3 user records
31-10-2022 11:12:02 | INFO | Signed into https://prod-uk-a.online.tableau.com as user with id 03b391ee-5cac-405d-a29d-ec7ab70e2de0
31-10-2022 11:12:02 | INFO | Querying all groups on site
31-10-2022 11:12:02 | INFO | Querying all users on site
31-10-2022 11:12:02 | INFO | Removed user (id: 0ba48d31-e9e5-40dd-b345-18d3d056cd54) from group (ID: f814c8c8-978c-4781-98e2-bf2c32baab74)
31-10-2022 11:12:02 | INFO | removed user aross@tableaujunkie.com from Group Grant_Role_On_Sign_In
31-10-2022 11:12:02 | INFO | Querying all users on site
31-10-2022 11:12:02 | INFO | Removed user (id: 75ad90b7-5c0d-4291-ae99-2640288d4d15) from group (ID: f814c8c8-978c-4781-98e2-bf2c32baab74)
31-10-2022 11:12:02 | INFO | removed user paul@tableaujunkie.com from Group Grant_Role_On_Sign_In
31-10-2022 11:12:02 | INFO | Querying all users on site
31-10-2022 11:12:02 | INFO | Removed user (id: a4f0968e-5db5-48f3-8921-06088edd688b) from group (ID: f814c8c8-978c-4781-98e2-bf2c32baab74)
31-10-2022 11:12:02 | INFO | removed user libby@tableaujunkie.com from Group Grant_Role_On_Sign_In
31-10-2022 11:12:02 | INFO | Signed out
31-10-2022 11:12:03 | INFO | Signed into https://prod-uk-a.online.tableau.com as user with id 03b391ee-5cac-405d-a29d-ec7ab70e2de0
31-10-2022 11:12:03 | INFO | Querying all users on site
31-10-2022 11:12:03 | INFO | Updated user item (ID: 0ba48d31-e9e5-40dd-b345-18d3d056cd54)
31-10-2022 11:12:03 | INFO | updated user aross@tableaujunkie.com with role Unlicensed
31-10-2022 11:12:03 | INFO | Querying all users on site
31-10-2022 11:12:03 | INFO | Updated user item (ID: 75ad90b7-5c0d-4291-ae99-2640288d4d15)
31-10-2022 11:12:03 | INFO | updated user paul@tableaujunkie.com with role Unlicensed
31-10-2022 11:12:03 | INFO | Querying all users on site
31-10-2022 11:12:04 | INFO | Updated user item (ID: a4f0968e-5db5-48f3-8921-06088edd688b)
31-10-2022 11:12:04 | INFO | updated user libby@tableaujunkie.com with role Unlicensed
31-10-2022 11:12:04 | INFO | Signed out
