31-10-2022 21:36:37 | INFO | Snowflake Connector for Python Version: 2.8.0, Python Version: 3.10.0, Platform: Windows-10-10.0.19044-SP0
31-10-2022 21:36:37 | INFO | This connection is in OCSP Fail Open Mode. TLS Certificates would be checked for validity and revocation status. Any other Certificate Revocation related exceptions or OCSP Responder failures would be disregarded in favor of connectivity.
31-10-2022 21:36:37 | INFO | Setting use_openssl_only mode to False
31-10-2022 21:36:39 | INFO | query: [SELECT "Email Address" FROM "Tableau_Employee_Leavers"]
31-10-2022 21:36:39 | INFO | query execution done
31-10-2022 21:36:39 | INFO | Number of results in first chunk: 26
31-10-2022 21:36:39 | INFO | get_users_from_snowflake() completed with 26 user records
31-10-2022 21:36:39 | INFO | Signed into https://prod-uk-a.online.tableau.com as user with id 03b391ee-5cac-405d-a29d-ec7ab70e2de0
31-10-2022 21:36:39 | INFO | Querying all users on site
31-10-2022 21:36:40 | ERROR | Error removing user: 

	404002: Resource Not Found
		User '<User 10804978-4d9f-444c-b599-0cecd26d400c name=a@tableaujunkie' could not be found.
31-10-2022 21:36:40 | INFO | Querying all users on site
31-10-2022 21:36:40 | ERROR | Error removing user: 

	404002: Resource Not Found
		User '<User d28c784e-d6a4-4cbc-944d-5e88fd6be283 name=b@tableaujunkie' could not be found.
31-10-2022 21:36:40 | INFO | Querying all users on site
31-10-2022 21:36:40 | ERROR | Error removing user: 

	404002: Resource Not Found
		User '<User 724f7c2f-7cee-402d-808a-eac3fe838bc1 name=c@tableaujunkie' could not be found.
31-10-2022 21:36:40 | INFO | Querying all users on site
31-10-2022 21:36:40 | ERROR | Error removing user: list index out of range
31-10-2022 21:36:40 | INFO | Querying all users on site
31-10-2022 21:36:40 | ERROR | Error removing user: 

	404002: Resource Not Found
		User '<User 790cf3de-6f78-45a0-af56-d6a1d9bc2abc name=e@tableaujunkie' could not be found.
31-10-2022 21:36:40 | INFO | Querying all users on site
31-10-2022 21:36:41 | ERROR | Error removing user: 

	404002: Resource Not Found
		User '<User d2303fe9-af7c-4635-815b-a1b82288bafa name=f@tableaujunkie' could not be found.
31-10-2022 21:36:41 | INFO | Querying all users on site
31-10-2022 21:36:41 | ERROR | Error removing user: 

	404002: Resource Not Found
		User '<User ecc9dfa9-2b46-47e0-abc3-f1d3776aba1c name=g@tableaujunkie' could not be found.
31-10-2022 21:36:41 | INFO | Querying all users on site
31-10-2022 21:36:41 | ERROR | Error removing user: 

	404002: Resource Not Found
		User '<User 7b54a08f-1125-40fc-ab20-3752daf4631a name=h@tableaujunkie' could not be found.
31-10-2022 21:36:41 | INFO | Querying all users on site
31-10-2022 21:36:41 | ERROR | Error removing user: 

	404002: Resource Not Found
		User '<User 356c7ac6-d582-42ac-9bec-a72aa11773ae name=i@tableaujunkie' could not be found.
31-10-2022 21:36:41 | INFO | Querying all users on site
31-10-2022 21:36:41 | ERROR | Error removing user: 

	404002: Resource Not Found
		User '<User ae5a5f7a-9632-41d2-af8b-f5a0fac4cb34 name=j@tableaujunkie' could not be found.
31-10-2022 21:36:41 | INFO | Querying all users on site
31-10-2022 21:36:42 | ERROR | Error removing user: 

	404002: Resource Not Found
		User '<User d1a33f04-347a-470d-96e2-cdc2bf22c87d name=k@tableaujunkie' could not be found.
31-10-2022 21:36:42 | INFO | Querying all users on site
31-10-2022 21:36:42 | ERROR | Error removing user: 

	404002: Resource Not Found
		User '<User b6a77b3e-fced-4dd8-9934-475eba983b65 name=l@tableaujunkie' could not be found.
31-10-2022 21:36:42 | INFO | Querying all users on site
31-10-2022 21:36:42 | ERROR | Error removing user: 

	404002: Resource Not Found
		User '<User 3b97b2bc-1a94-434f-a240-a01235ebab50 name=m@tableaujunkie' could not be found.
31-10-2022 21:36:42 | INFO | Querying all users on site
31-10-2022 21:36:42 | ERROR | Error removing user: 

	404002: Resource Not Found
		User '<User c299e0c1-3d02-4fe3-a1ec-14883dbc3284 name=n@tableaujunkie' could not be found.
31-10-2022 21:36:42 | INFO | Querying all users on site
31-10-2022 21:36:42 | ERROR | Error removing user: 

	404002: Resource Not Found
		User '<User 5ffc5b40-9eb0-4f40-9b50-95529dd28fea name=o@tableaujunkie' could not be found.
31-10-2022 21:36:42 | INFO | Querying all users on site
31-10-2022 21:36:42 | ERROR | Error removing user: 

	404002: Resource Not Found
		User '<User 4c75af1a-a915-4ca9-b9ea-f5270ff551d0 name=p@tableaujunkie' could not be found.
31-10-2022 21:36:42 | INFO | Querying all users on site
31-10-2022 21:36:43 | ERROR | Error removing user: 

	404002: Resource Not Found
		User '<User 4d207b18-c223-4420-b117-c00f4c8c1d49 name=q@tableaujunkie' could not be found.
31-10-2022 21:36:43 | INFO | Querying all users on site
31-10-2022 21:36:43 | ERROR | Error removing user: 

	404002: Resource Not Found
		User '<User c8f2e0b7-cbd8-4d4c-a519-d37e7909fb48 name=r@tableaujunkie' could not be found.
31-10-2022 21:36:43 | INFO | Querying all users on site
31-10-2022 21:36:43 | ERROR | Error removing user: 

	404002: Resource Not Found
		User '<User 23d8364e-f284-490f-9d47-7ec668dc8a40 name=s@tableaujunkie' could not be found.
31-10-2022 21:36:43 | INFO | Querying all users on site
31-10-2022 21:36:43 | ERROR | Error removing user: 

	404002: Resource Not Found
		User '<User 82882fde-5337-4412-aca4-5ec4fffc71b2 name=t@tableaujunkie' could not be found.
31-10-2022 21:36:43 | INFO | Querying all users on site
31-10-2022 21:36:43 | ERROR | Error removing user: 

	404002: Resource Not Found
		User '<User e1a22f67-41a0-4180-86fc-0b21717688fd name=u@tableaujunkie' could not be found.
31-10-2022 21:36:43 | INFO | Querying all users on site
31-10-2022 21:36:43 | ERROR | Error removing user: 

	404002: Resource Not Found
		User '<User 535f44c5-a714-4322-b1de-e01f79ab81b1 name=v@tableaujunkie' could not be found.
31-10-2022 21:36:43 | INFO | Querying all users on site
31-10-2022 21:36:44 | ERROR | Error removing user: 

	404002: Resource Not Found
		User '<User bd9bf616-5bfd-4da9-ae6e-5a421719ec2a name=w@tableaujunkie' could not be found.
31-10-2022 21:36:44 | INFO | Querying all users on site
31-10-2022 21:36:44 | ERROR | Error removing user: 

	404002: Resource Not Found
		User '<User 860ad83e-5e48-48a5-b58d-b720cb905e46 name=x@tableaujunkie' could not be found.
31-10-2022 21:36:44 | INFO | Querying all users on site
31-10-2022 21:36:44 | ERROR | Error removing user: 

	404002: Resource Not Found
		User '<User 83eed7bb-d71c-4ead-a157-88917f5a6f12 name=y@tableaujunkie' could not be found.
31-10-2022 21:36:44 | INFO | Querying all users on site
31-10-2022 21:36:44 | ERROR | Error removing user: 

	404002: Resource Not Found
		User '<User f6619be1-febb-4d9c-a0dd-b90353b9ae29 name=z@tableaujunkie' could not be found.
31-10-2022 21:36:44 | INFO | Signed out
31-10-2022 21:36:44 | INFO | closed
31-10-2022 21:36:44 | INFO | No async queries seem to be running, deleting session
